# JRE version: Java(TM) SE Runtime Environment (8.0_131-b11) (build 1.8.0_131-b11)
# Java VM: Java HotSpot(TM) 64-Bit Server VM (25.131-b11 mixed mode linux-amd64 compressed oops)
Heap:
 PSYoungGen      total 229888K, used 5030K [0x00000000dc000000, 0x00000000ea900000, 0x0000000100000000)
  eden space 221184K, 0% used [0x00000000dc000000,0x00000000dc000000,0x00000000e9800000)
  from space 8704K, 57% used [0x00000000e9800000,0x00000000e9ce9a00,0x00000000ea080000)
  to   space 8704K, 0% used [0x00000000ea080000,0x00000000ea080000,0x00000000ea900000)
 ParOldGen       total 73728K, used 8286K [0x0000000094000000, 0x0000000098800000, 0x00000000dc000000)
  object space 73728K, 11% used [0x0000000094000000,0x0000000094817a20,0x0000000098800000)
 Metaspace       used 19585K, capacity 19796K, committed 19968K, reserved 1067008K
  class space    used 2153K, capacity 2220K, committed 2304K, reserved 1048576K
GC Heap History (10 events):
Event: 3.002 GC heap after
Heap after GC invocations=2 (full 0):
 PSYoungGen      total 59904K, used 3754K [0x00000000dc000000, 0x00000000dff00000, 0x0000000100000000)
  eden space 55296K, 0% used [0x00000000dc000000,0x00000000dc000000,0x00000000df600000)
  from space 4608K, 81% used [0x00000000dfa80000,0x00000000dfe2aac0,0x00000000dff00000)
  to   space 4608K, 0% used [0x00000000df600000,0x00000000df600000,0x00000000dfa80000)
 ParOldGen       total 73728K, used 88K [0x0000000094000000, 0x0000000098800000, 0x00000000dc000000)
  object space 73728K, 0% used [0x0000000094000000,0x0000000094016028,0x0000000098800000)
 Metaspace       used 9402K, capacity 9648K, committed 9728K, reserved 1058816K
  class space    used 1141K, capacity 1225K, committed 1280K, reserved 1048576K
}
Event: 4.030 GC heap before
{Heap before GC invocations=3 (full 0):
 PSYoungGen      total 59904K, used 59050K [0x00000000dc000000, 0x00000000dff00000, 0x0000000100000000)
  eden space 55296K, 100% used [0x00000000dc000000,0x00000000df600000,0x00000000df600000)
  from space 4608K, 81% used [0x00000000dfa80000,0x00000000dfe2aac0,0x00000000dff00000)
  to   space 4608K, 0% used [0x00000000df600000,0x00000000df600000,0x00000000dfa80000)
 ParOldGen       total 73728K, used 88K [0x0000000094000000, 0x0000000098800000, 0x00000000dc000000)
  object space 73728K, 0% used [0x0000000094000000,0x0000000094016028,0x0000000098800000)
 Metaspace       used 12986K, capacity 13234K, committed 13440K, reserved 1060864K
  class space    used 1534K, capacity 1610K, committed 1664K, reserved 1048576K
Event: 4.051 GC heap after
Heap after GC invocations=3 (full 0):
 PSYoungGen      total 59904K, used 4592K [0x00000000dc000000, 0x00000000e3500000, 0x0000000100000000)
  eden space 55296K, 0% used [0x00000000dc000000,0x00000000dc000000,0x00000000df600000)
  from space 4608K, 99% used [0x00000000df600000,0x00000000dfa7c278,0x00000000dfa80000)
  to   space 4608K, 0% used [0x00000000e3080000,0x00000000e3080000,0x00000000e3500000)
 ParOldGen       total 73728K, used 1240K [0x0000000094000000, 0x0000000098800000, 0x00000000dc000000)
  object space 73728K, 1% used [0x0000000094000000,0x00000000941362f8,0x0000000098800000)
 Metaspace       used 12986K, capacity 13234K, committed 13440K, reserved 1060864K
  class space    used 1534K, capacity 1610K, committed 1664K, reserved 1048576K
}
Event: 5.549 GC heap before
{Heap before GC invocations=4 (full 0):
 PSYoungGen      total 59904K, used 59888K [0x00000000dc000000, 0x00000000e3500000, 0x0000000100000000)
  eden space 55296K, 100% used [0x00000000dc000000,0x00000000df600000,0x00000000df600000)
  from space 4608K, 99% used [0x00000000df600000,0x00000000dfa7c278,0x00000000dfa80000)
  to   space 4608K, 0% used [0x00000000e3080000,0x00000000e3080000,0x00000000e3500000)
 ParOldGen       total 73728K, used 1240K [0x0000000094000000, 0x0000000098800000, 0x00000000dc000000)
  object space 73728K, 1% used [0x0000000094000000,0x00000000941362f8,0x0000000098800000)
 Metaspace       used 18360K, capacity 18612K, committed 18816K, reserved 1067008K
  class space    used 2065K, capacity 2124K, committed 2176K, reserved 1048576K
Event: 5.568 GC heap after
Heap after GC invocations=4 (full 0):
 PSYoungGen      total 115200K, used 4592K [0x00000000dc000000, 0x00000000e3500000, 0x0000000100000000)
  eden space 110592K, 0% used [0x00000000dc000000,0x00000000dc000000,0x00000000e2c00000)
  from space 4608K, 99% used [0x00000000e3080000,0x00000000e34fc3e0,0x00000000e3500000)
  to   space 4608K, 0% used [0x00000000e2c00000,0x00000000e2c00000,0x00000000e3080000)
 ParOldGen       total 73728K, used 5148K [0x0000000094000000, 0x0000000098800000, 0x00000000dc000000)
  object space 73728K, 6% used [0x0000000094000000,0x0000000094507268,0x0000000098800000)
 Metaspace       used 18360K, capacity 18612K, committed 18816K, reserved 1067008K
  class space    used 2065K, capacity 2124K, committed 2176K, reserved 1048576K
}
Event: 7.625 GC heap before
{Heap before GC invocations=5 (full 0):
 PSYoungGen      total 115200K, used 114776K [0x00000000dc000000, 0x00000000e3500000, 0x0000000100000000)
  eden space 110592K, 99% used [0x00000000dc000000,0x00000000e2b99d30,0x00000000e2c00000)
  from space 4608K, 99% used [0x00000000e3080000,0x00000000e34fc3e0,0x00000000e3500000)
  to   space 4608K, 0% used [0x00000000e2c00000,0x00000000e2c00000,0x00000000e3080000)
 ParOldGen       total 73728K, used 5148K [0x0000000094000000, 0x0000000098800000, 0x00000000dc000000)
  object space 73728K, 6% used [0x0000000094000000,0x0000000094507268,0x0000000098800000)
 Metaspace       used 19542K, capacity 19796K, committed 19968K, reserved 1067008K
  class space    used 2152K, capacity 2220K, committed 2304K, reserved 1048576K
Event: 7.646 GC heap after
Heap after GC invocations=5 (full 0):
 PSYoungGen      total 115200K, used 4593K [0x00000000dc000000, 0x00000000ea900000, 0x0000000100000000)
  eden space 110592K, 0% used [0x00000000dc000000,0x00000000dc000000,0x00000000e2c00000)
  from space 4608K, 99% used [0x00000000e2c00000,0x00000000e307c610,0x00000000e3080000)
  to   space 8704K, 0% used [0x00000000ea080000,0x00000000ea080000,0x00000000ea900000)
 ParOldGen       total 73728K, used 6553K [0x0000000094000000, 0x0000000098800000, 0x00000000dc000000)
  object space 73728K, 8% used [0x0000000094000000,0x0000000094666680,0x0000000098800000)
 Metaspace       used 19542K, capacity 19796K, committed 19968K, reserved 1067008K
  class space    used 2152K, capacity 2220K, committed 2304K, reserved 1048576K
}
Event: 8.936 GC heap before
{Heap before GC invocations=6 (full 0):
 PSYoungGen      total 115200K, used 114535K [0x00000000dc000000, 0x00000000ea900000, 0x0000000100000000)
  eden space 110592K, 99% used [0x00000000dc000000,0x00000000e2b5d9c0,0x00000000e2c00000)
  from space 4608K, 99% used [0x00000000e2c00000,0x00000000e307c610,0x00000000e3080000)
  to   space 8704K, 0% used [0x00000000ea080000,0x00000000ea080000,0x00000000ea900000)
 ParOldGen       total 73728K, used 6553K [0x0000000094000000, 0x0000000098800000, 0x00000000dc000000)
  object space 73728K, 8% used [0x0000000094000000,0x0000000094666680,0x0000000098800000)
 Metaspace       used 19573K, capacity 19796K, committed 19968K, reserved 1067008K
  class space    used 2153K, capacity 2220K, committed 2304K, reserved 1048576K
Event: 8.961 GC heap after
Heap after GC invocations=6 (full 0):
 PSYoungGen      total 229888K, used 6849K [0x00000000dc000000, 0x00000000ea900000, 0x0000000100000000)
  eden space 221184K, 0% used [0x00000000dc000000,0x00000000dc000000,0x00000000e9800000)
  from space 8704K, 78% used [0x00000000ea080000,0x00000000ea730600,0x00000000ea900000)
  to   space 8704K, 0% used [0x00000000e9800000,0x00000000e9800000,0x00000000ea080000)
 ParOldGen       total 73728K, used 6561K [0x0000000094000000, 0x0000000098800000, 0x00000000dc000000)
  object space 73728K, 8% used [0x0000000094000000,0x0000000094668680,0x0000000098800000)
 Metaspace       used 19573K, capacity 19796K, committed 19968K, reserved 1067008K
  class space    used 2153K, capacity 2220K, committed 2304K, reserved 1048576K
}
Event: 11.371 GC heap before
{Heap before GC invocations=7 (full 0):
 PSYoungGen      total 229888K, used 228033K [0x00000000dc000000, 0x00000000ea900000, 0x0000000100000000)
  eden space 221184K, 100% used [0x00000000dc000000,0x00000000e9800000,0x00000000e9800000)
  from space 8704K, 78% used [0x00000000ea080000,0x00000000ea730600,0x00000000ea900000)
  to   space 8704K, 0% used [0x00000000e9800000,0x00000000e9800000,0x00000000ea080000)
 ParOldGen       total 73728K, used 6561K [0x0000000094000000, 0x0000000098800000, 0x00000000dc000000)
  object space 73728K, 8% used [0x0000000094000000,0x0000000094668680,0x0000000098800000)
 Metaspace       used 19585K, capacity 19796K, committed 19968K, reserved 1067008K
  class space    used 2153K, capacity 2220K, committed 2304K, reserved 1048576K

